[debug] [2021-11-08T18:16:20.763Z] ----------------------------------------------------------------------
[debug] [2021-11-08T18:16:20.765Z] Command:       C:\Program Files\nodejs\node.exe C:\Users\jorge\AppData\Roaming\npm\node_modules\firebase-tools\lib\bin\firebase.js serve
[debug] [2021-11-08T18:16:20.765Z] CLI Version:   9.22.0
[debug] [2021-11-08T18:16:20.765Z] Platform:      win32
[debug] [2021-11-08T18:16:20.765Z] Node Version:  v16.6.1
[debug] [2021-11-08T18:16:20.766Z] Time:          Mon Nov 08 2021 12:16:20 GMT-0600 (Central Standard Time)
[debug] [2021-11-08T18:16:20.766Z] ----------------------------------------------------------------------
[debug] 
[debug] [2021-11-08T18:16:20.830Z] > command requires scopes: ["email","openid","https://www.googleapis.com/auth/cloudplatformprojects.readonly","https://www.googleapis.com/auth/firebase","https://www.googleapis.com/auth/cloud-platform"]
[debug] [2021-11-08T18:16:20.830Z] > authorizing via signed-in user (a01039882@itesm.mx)
[debug] [2021-11-08T18:16:20.830Z] [iam] checking project test-prtec for permissions ["firebase.projects.get"]
[debug] [2021-11-08T18:16:20.832Z] > refreshing access token with scopes: ["email","https://www.googleapis.com/auth/cloud-platform","https://www.googleapis.com/auth/cloudplatformprojects.readonly","https://www.googleapis.com/auth/firebase","openid"]
[debug] [2021-11-08T18:16:20.833Z] >>> HTTP REQUEST POST https://www.googleapis.com/oauth2/v3/token  
 <request body omitted>
[debug] [2021-11-08T18:16:21.147Z] <<< HTTP RESPONSE 200 {"cache-control":"no-cache, no-store, max-age=0, must-revalidate","expires":"Mon, 01 Jan 1990 00:00:00 GMT","date":"Mon, 08 Nov 2021 18:16:21 GMT","pragma":"no-cache","content-type":"application/json; charset=utf-8","vary":"X-Origin, Referer, Origin,Accept-Encoding","server":"scaffolding on HTTPServer2","x-xss-protection":"0","x-frame-options":"SAMEORIGIN","x-content-type-options":"nosniff","alt-svc":"h3=\":443\"; ma=2592000,h3-29=\":443\"; ma=2592000,h3-Q050=\":443\"; ma=2592000,h3-Q046=\":443\"; ma=2592000,h3-Q043=\":443\"; ma=2592000,quic=\":443\"; ma=2592000; v=\"46,43\"","accept-ranges":"none","transfer-encoding":"chunked"}
[debug] [2021-11-08T18:16:21.171Z] >>> HTTP REQUEST POST https://cloudresourcemanager.googleapis.com/v1/projects/test-prtec:testIamPermissions  
 {"permissions":["firebase.projects.get"]}
[debug] [2021-11-08T18:16:21.523Z] <<< HTTP RESPONSE 200 {"content-type":"application/json; charset=UTF-8","vary":"X-Origin, Referer, Origin,Accept-Encoding","date":"Mon, 08 Nov 2021 18:16:21 GMT","server":"ESF","cache-control":"private","x-xss-protection":"0","x-frame-options":"SAMEORIGIN","x-content-type-options":"nosniff","server-timing":"gfet4t7; dur=54","alt-svc":"h3=\":443\"; ma=2592000,h3-29=\":443\"; ma=2592000,h3-Q050=\":443\"; ma=2592000,h3-Q046=\":443\"; ma=2592000,h3-Q043=\":443\"; ma=2592000,quic=\":443\"; ma=2592000; v=\"46,43\"","accept-ranges":"none","transfer-encoding":"chunked"}
[debug] [2021-11-08T18:16:21.525Z] > refreshing access token with scopes: []
[debug] [2021-11-08T18:16:21.525Z] >>> HTTP REQUEST POST https://www.googleapis.com/oauth2/v3/token  
 <request body omitted>
[debug] [2021-11-08T18:16:21.804Z] <<< HTTP RESPONSE 200 {"expires":"Mon, 01 Jan 1990 00:00:00 GMT","pragma":"no-cache","date":"Mon, 08 Nov 2021 18:16:21 GMT","cache-control":"no-cache, no-store, max-age=0, must-revalidate","content-type":"application/json; charset=utf-8","vary":"X-Origin, Referer, Origin,Accept-Encoding","server":"scaffolding on HTTPServer2","x-xss-protection":"0","x-frame-options":"SAMEORIGIN","x-content-type-options":"nosniff","alt-svc":"h3=\":443\"; ma=2592000,h3-29=\":443\"; ma=2592000,h3-Q050=\":443\"; ma=2592000,h3-Q046=\":443\"; ma=2592000,h3-Q043=\":443\"; ma=2592000,quic=\":443\"; ma=2592000; v=\"46,43\"","accept-ranges":"none","transfer-encoding":"chunked"}
[debug] [2021-11-08T18:16:21.816Z] >>> [apiv2][query] GET https://firebase.googleapis.com/v1beta1/projects/test-prtec [none]
[debug] [2021-11-08T18:16:22.160Z] <<< [apiv2][status] GET https://firebase.googleapis.com/v1beta1/projects/test-prtec 200
[debug] [2021-11-08T18:16:22.161Z] <<< [apiv2][body] GET https://firebase.googleapis.com/v1beta1/projects/test-prtec {"projectId":"test-prtec","projectNumber":"539343904593","displayName":"Test","name":"projects/test-prtec","resources":{"hostingSite":"test-prtec","realtimeDatabaseInstance":"test-prtec-default-rtdb","storageBucket":"test-prtec.appspot.com","locationId":"us-central"},"state":"ACTIVE"}
[info] 
[info] === Serving from 'C:\Repos\FaceDetectionV2'...
[info] 
[debug] [2021-11-08T18:16:22.168Z] >>> [apiv2][query] GET https://firebasehosting.googleapis.com/v1beta1/projects/test-prtec/sites 
[warn] !  Your requested "node" version "14" doesn't match your global version "16" {"metadata":{"emulator":{"name":"functions"},"message":"Your requested \"node\" version \"14\" doesn't match your global version \"16\""}}
[debug] [2021-11-08T18:16:22.184Z] defaultcredentials: writing to file C:\Users\jorge\AppData\Roaming\firebase\a01039882_itesm_mx_application_default_credentials.json
[debug] [2021-11-08T18:16:22.189Z] Setting GAC to C:\Users\jorge\AppData\Roaming\firebase\a01039882_itesm_mx_application_default_credentials.json {"metadata":{"emulator":{"name":"functions"},"message":"Setting GAC to C:\\Users\\jorge\\AppData\\Roaming\\firebase\\a01039882_itesm_mx_application_default_credentials.json"}}
[debug] [2021-11-08T18:16:22.191Z] >>> [apiv2][query] GET https://firebase.googleapis.com/v1beta1/projects/test-prtec/adminSdkConfig [none]
[debug] [2021-11-08T18:16:22.531Z] <<< [apiv2][status] GET https://firebase.googleapis.com/v1beta1/projects/test-prtec/adminSdkConfig 200
[debug] [2021-11-08T18:16:22.531Z] <<< [apiv2][body] GET https://firebase.googleapis.com/v1beta1/projects/test-prtec/adminSdkConfig {"projectId":"test-prtec","databaseURL":"https://test-prtec-default-rtdb.firebaseio.com","storageBucket":"test-prtec.appspot.com","locationId":"us-central"}
[debug] [2021-11-08T18:16:22.657Z] <<< [apiv2][status] GET https://firebasehosting.googleapis.com/v1beta1/projects/test-prtec/sites 200
[debug] [2021-11-08T18:16:22.658Z] <<< [apiv2][body] GET https://firebasehosting.googleapis.com/v1beta1/projects/test-prtec/sites {"sites":[{"name":"projects/539343904593/sites/test-prtec","defaultUrl":"https://test-prtec.web.app","appId":"1:539343904593:web:a55cb88e5bc3eda246bd70","type":"DEFAULT_SITE"}]}
[debug] [2021-11-08T18:16:22.658Z] >>> [apiv2][query] GET https://firebase.googleapis.com/v1beta1/projects/test-prtec/webApps/1:539343904593:web:a55cb88e5bc3eda246bd70/config [none]
[debug] [2021-11-08T18:16:23.118Z] <<< [apiv2][status] GET https://firebase.googleapis.com/v1beta1/projects/test-prtec/webApps/1:539343904593:web:a55cb88e5bc3eda246bd70/config 200
[debug] [2021-11-08T18:16:23.119Z] <<< [apiv2][body] GET https://firebase.googleapis.com/v1beta1/projects/test-prtec/webApps/1:539343904593:web:a55cb88e5bc3eda246bd70/config {"projectId":"test-prtec","appId":"1:539343904593:web:a55cb88e5bc3eda246bd70","databaseURL":"https://test-prtec-default-rtdb.firebaseio.com","storageBucket":"test-prtec.appspot.com","locationId":"us-central","apiKey":"AIzaSyCrGrao9en43NT_L3vBHt2RoHno8V8qRXY","authDomain":"test-prtec.firebaseapp.com","messagingSenderId":"539343904593","measurementId":"G-DET7FYKBER"}
[info] i  functions: Watching "C:\Repos\FaceDetectionV2\functions" for Cloud Functions... {"metadata":{"emulator":{"name":"functions"},"message":"Watching \"C:\\Repos\\FaceDetectionV2\\functions\" for Cloud Functions..."}}
[debug] [2021-11-08T18:16:23.183Z] [worker-pool] addWorker(~diagnostic~) {"metadata":{"emulator":{"name":"functions"},"message":"[worker-pool] addWorker(~diagnostic~)"}}
[debug] [2021-11-08T18:16:23.184Z] [worker-pool] Adding worker with key ~diagnostic~, total=1 {"metadata":{"emulator":{"name":"functions"},"message":"[worker-pool] Adding worker with key ~diagnostic~, total=1"}}
[debug] [2021-11-08T18:16:23.184Z] [worker-pool] submitWork(triggerId=) {"metadata":{"emulator":{"name":"functions"},"message":"[worker-pool] submitWork(triggerId=)"}}
[debug] [2021-11-08T18:16:23.185Z] [worker-~diagnostic~-f614cdea-554d-4958-8b7e-f82ee8e6ddc3]: Assigning socketPath: \\?\pipe\C:\Repos\FaceDetectionV2\functions\9484 {"metadata":{"emulator":{"name":"functions"},"message":"[worker-~diagnostic~-f614cdea-554d-4958-8b7e-f82ee8e6ddc3]: Assigning socketPath: \\\\?\\pipe\\C:\\Repos\\FaceDetectionV2\\functions\\9484"}}
[debug] [2021-11-08T18:16:23.185Z] [worker-~diagnostic~-f614cdea-554d-4958-8b7e-f82ee8e6ddc3]: BUSY {"metadata":{"emulator":{"name":"functions"},"message":"[worker-~diagnostic~-f614cdea-554d-4958-8b7e-f82ee8e6ddc3]: BUSY"}}
[info] i  hosting: Serving hosting files from: dist {"metadata":{"emulator":{"name":"hosting"},"message":"Serving hosting files from: \u001b[1mdist\u001b[22m"}}
[info] +  hosting: Local server: http://localhost:5000 {"metadata":{"emulator":{"name":"hosting"},"message":"Local server: \u001b[4m\u001b[1mhttp://localhost:5000\u001b[22m\u001b[24m"}}
[debug] [2021-11-08T18:16:23.444Z] [runtime-status] [9484] Functions runtime initialized. {"cwd":"C:\\Repos\\FaceDetectionV2\\functions","node_version":"16.6.1"} {"metadata":{"emulator":{"name":"functions"},"message":"[runtime-status] [9484] Functions runtime initialized. {\"cwd\":\"C:\\\\Repos\\\\FaceDetectionV2\\\\functions\",\"node_version\":\"16.6.1\"}"}}
[debug] [2021-11-08T18:16:23.445Z] [runtime-status] [9484] Disabled runtime features: undefined {"metadata":{"emulator":{"name":"functions"},"message":"[runtime-status] [9484] Disabled runtime features: undefined"}}
[debug] [2021-11-08T18:16:23.448Z] [runtime-status] [9484] Resolved module firebase-admin {"declared":true,"installed":true,"version":"9.12.0","resolution":"C:\\Repos\\FaceDetectionV2\\functions\\node_modules\\firebase-admin\\lib\\index.js"} {"metadata":{"emulator":{"name":"functions"},"message":"[runtime-status] [9484] Resolved module firebase-admin {\"declared\":true,\"installed\":true,\"version\":\"9.12.0\",\"resolution\":\"C:\\\\Repos\\\\FaceDetectionV2\\\\functions\\\\node_modules\\\\firebase-admin\\\\lib\\\\index.js\"}"}}
[debug] [2021-11-08T18:16:23.453Z] [runtime-status] [9484] Resolved module firebase-functions {"declared":true,"installed":true,"version":"3.16.0","resolution":"C:\\Repos\\FaceDetectionV2\\functions\\node_modules\\firebase-functions\\lib\\index.js"} {"metadata":{"emulator":{"name":"functions"},"message":"[runtime-status] [9484] Resolved module firebase-functions {\"declared\":true,\"installed\":true,\"version\":\"3.16.0\",\"resolution\":\"C:\\\\Repos\\\\FaceDetectionV2\\\\functions\\\\node_modules\\\\firebase-functions\\\\lib\\\\index.js\"}"}}
[debug] [2021-11-08T18:16:23.455Z] [runtime-status] [9484] Outgoing network have been stubbed. [{"name":"http","status":"mocked"},{"name":"http","status":"mocked"},{"name":"https","status":"mocked"},{"name":"https","status":"mocked"},{"name":"net","status":"mocked"}] {"metadata":{"emulator":{"name":"functions"},"message":"[runtime-status] [9484] Outgoing network have been stubbed. [{\"name\":\"http\",\"status\":\"mocked\"},{\"name\":\"http\",\"status\":\"mocked\"},{\"name\":\"https\",\"status\":\"mocked\"},{\"name\":\"https\",\"status\":\"mocked\"},{\"name\":\"net\",\"status\":\"mocked\"}]"}}
[debug] [2021-11-08T18:16:23.457Z] [runtime-status] [9484] Resolved module firebase-functions {"declared":true,"installed":true,"version":"3.16.0","resolution":"C:\\Repos\\FaceDetectionV2\\functions\\node_modules\\firebase-functions\\lib\\index.js"} {"metadata":{"emulator":{"name":"functions"},"message":"[runtime-status] [9484] Resolved module firebase-functions {\"declared\":true,\"installed\":true,\"version\":\"3.16.0\",\"resolution\":\"C:\\\\Repos\\\\FaceDetectionV2\\\\functions\\\\node_modules\\\\firebase-functions\\\\lib\\\\index.js\"}"}}
[debug] [2021-11-08T18:16:23.517Z] [runtime-status] [9484] Checked functions.config() {"config":{}} {"metadata":{"emulator":{"name":"functions"},"message":"[runtime-status] [9484] Checked functions.config() {\"config\":{}}"}}
[debug] [2021-11-08T18:16:23.517Z] [runtime-status] [9484] firebase-functions has been stubbed. {"functionsResolution":{"declared":true,"installed":true,"version":"3.16.0","resolution":"C:\\Repos\\FaceDetectionV2\\functions\\node_modules\\firebase-functions\\lib\\index.js"}} {"metadata":{"emulator":{"name":"functions"},"message":"[runtime-status] [9484] firebase-functions has been stubbed. {\"functionsResolution\":{\"declared\":true,\"installed\":true,\"version\":\"3.16.0\",\"resolution\":\"C:\\\\Repos\\\\FaceDetectionV2\\\\functions\\\\node_modules\\\\firebase-functions\\\\lib\\\\index.js\"}}"}}
[debug] [2021-11-08T18:16:23.518Z] [runtime-status] [9484] Resolved module firebase-functions {"declared":true,"installed":true,"version":"3.16.0","resolution":"C:\\Repos\\FaceDetectionV2\\functions\\node_modules\\firebase-functions\\lib\\index.js"} {"metadata":{"emulator":{"name":"functions"},"message":"[runtime-status] [9484] Resolved module firebase-functions {\"declared\":true,\"installed\":true,\"version\":\"3.16.0\",\"resolution\":\"C:\\\\Repos\\\\FaceDetectionV2\\\\functions\\\\node_modules\\\\firebase-functions\\\\lib\\\\index.js\"}"}}
[debug] [2021-11-08T18:16:23.520Z] [runtime-status] [9484] Resolved module firebase-admin {"declared":true,"installed":true,"version":"9.12.0","resolution":"C:\\Repos\\FaceDetectionV2\\functions\\node_modules\\firebase-admin\\lib\\index.js"} {"metadata":{"emulator":{"name":"functions"},"message":"[runtime-status] [9484] Resolved module firebase-admin {\"declared\":true,\"installed\":true,\"version\":\"9.12.0\",\"resolution\":\"C:\\\\Repos\\\\FaceDetectionV2\\\\functions\\\\node_modules\\\\firebase-admin\\\\lib\\\\index.js\"}"}}
[debug] [2021-11-08T18:16:23.521Z] [runtime-status] [9484] Resolved module firebase-functions {"declared":true,"installed":true,"version":"3.16.0","resolution":"C:\\Repos\\FaceDetectionV2\\functions\\node_modules\\firebase-functions\\lib\\index.js"} {"metadata":{"emulator":{"name":"functions"},"message":"[runtime-status] [9484] Resolved module firebase-functions {\"declared\":true,\"installed\":true,\"version\":\"3.16.0\",\"resolution\":\"C:\\\\Repos\\\\FaceDetectionV2\\\\functions\\\\node_modules\\\\firebase-functions\\\\lib\\\\index.js\"}"}}
[debug] [2021-11-08T18:16:23.521Z] [runtime-status] [9484] firebase-admin has been stubbed. {"adminResolution":{"declared":true,"installed":true,"version":"9.12.0","resolution":"C:\\Repos\\FaceDetectionV2\\functions\\node_modules\\firebase-admin\\lib\\index.js"}} {"metadata":{"emulator":{"name":"functions"},"message":"[runtime-status] [9484] firebase-admin has been stubbed. {\"adminResolution\":{\"declared\":true,\"installed\":true,\"version\":\"9.12.0\",\"resolution\":\"C:\\\\Repos\\\\FaceDetectionV2\\\\functions\\\\node_modules\\\\firebase-admin\\\\lib\\\\index.js\"}}"}}
[info] +  functions[us-central1-helloWorld]: http function initialized (http://localhost:5001/test-prtec/us-central1/helloWorld). {"metadata":{"emulator":{"name":"functions"},"message":"\u001b[1mhttp\u001b[22m function initialized (http://localhost:5001/test-prtec/us-central1/helloWorld)."}}
[debug] [2021-11-08T18:16:23.525Z] [worker-~diagnostic~-f614cdea-554d-4958-8b7e-f82ee8e6ddc3]: IDLE {"metadata":{"emulator":{"name":"functions"},"message":"[worker-~diagnostic~-f614cdea-554d-4958-8b7e-f82ee8e6ddc3]: IDLE"}}
[info] i  hosting: 127.0.0.1 - - [08/Nov/2021:18:16:33 +0000] "GET /main.js HTTP/1.1" 200 4401 "http://localhost:5000/main.html" "Mozilla/5.0 (Windows NT 10.0; Win64; x64) AppleWebKit/537.36 (KHTML, like Gecko) Chrome/95.0.4638.69 Safari/537.36" {"metadata":{"emulator":{"name":"hosting"},"message":"127.0.0.1 - - [08/Nov/2021:18:16:33 +0000] \"GET /main.js HTTP/1.1\" 200 4401 \"http://localhost:5000/main.html\" \"Mozilla/5.0 (Windows NT 10.0; Win64; x64) AppleWebKit/537.36 (KHTML, like Gecko) Chrome/95.0.4638.69 Safari/537.36\""}}
